<?xml version="1.0" encoding="UTF-8"?>
<testng-results total="5" passed="4" failed="1" skipped="0">
  <reporter-output>
  </reporter-output>
  <suite started-at="2022-05-07T11:26:04Z" name="Suite" finished-at="2022-05-07T11:28:15Z" duration-ms="130894">
    <groups>
    </groups>
    <test started-at="2022-05-07T11:26:04Z" name="login validation" finished-at="2022-05-07T11:27:02Z" duration-ms="57861">
      <class name="seleniumtraining.HomePage">
        <test-method signature="basepagenavigation(java.lang.String, java.lang.String, java.lang.String)[pri:0, instance:seleniumtraining.HomePage@47dbb1e2]" started-at="2022-05-07T04:26:04Z" name="basepagenavigation" data-provider="getdata" finished-at="2022-05-07T04:26:29Z" duration-ms="24975" status="PASS">
          <params>
            <param index="0">
              <value>
                <![CDATA[abc.com]]>
              </value>
            </param>
            <param index="1">
              <value>
                <![CDATA[123456]]>
              </value>
            </param>
            <param index="2">
              <value>
                <![CDATA[data1]]>
              </value>
            </param>
          </params>
          <reporter-output>
          </reporter-output>
        </test-method> <!-- basepagenavigation -->
        <test-method signature="basepagenavigation(java.lang.String, java.lang.String, java.lang.String)[pri:0, instance:seleniumtraining.HomePage@47dbb1e2]" started-at="2022-05-07T04:26:29Z" name="basepagenavigation" data-provider="getdata" finished-at="2022-05-07T04:27:02Z" duration-ms="32869" status="PASS">
          <params>
            <param index="0">
              <value>
                <![CDATA[xyz.com]]>
              </value>
            </param>
            <param index="1">
              <value>
                <![CDATA[7890]]>
              </value>
            </param>
            <param index="2">
              <value>
                <![CDATA[data2]]>
              </value>
            </param>
          </params>
          <reporter-output>
          </reporter-output>
        </test-method> <!-- basepagenavigation -->
      </class> <!-- seleniumtraining.HomePage -->
    </test> <!-- login validation -->
    <test started-at="2022-05-07T11:27:02Z" name="navigation bar validation" finished-at="2022-05-07T11:27:26Z" duration-ms="23527">
      <class name="seleniumtraining.validatenavigationbar">
        <test-method is-config="true" signature="beforetest()[pri:0, instance:seleniumtraining.validatenavigationbar@73c60324]" started-at="2022-05-07T04:27:02Z" name="beforetest" finished-at="2022-05-07T04:27:25Z" duration-ms="23067" status="PASS">
          <reporter-output>
          </reporter-output>
        </test-method> <!-- beforetest -->
        <test-method signature="validatenavigation()[pri:0, instance:seleniumtraining.validatenavigationbar@73c60324]" started-at="2022-05-07T04:27:25Z" name="validatenavigation" finished-at="2022-05-07T04:27:25Z" duration-ms="153" status="PASS">
          <reporter-output>
          </reporter-output>
        </test-method> <!-- validatenavigation -->
        <test-method is-config="true" signature="aftertest()[pri:0, instance:seleniumtraining.validatenavigationbar@73c60324]" started-at="2022-05-07T04:27:25Z" name="aftertest" finished-at="2022-05-07T04:27:26Z" duration-ms="307" status="PASS">
          <reporter-output>
          </reporter-output>
        </test-method> <!-- aftertest -->
      </class> <!-- seleniumtraining.validatenavigationbar -->
    </test> <!-- navigation bar validation -->
    <test started-at="2022-05-07T11:27:26Z" name="tittle validation" finished-at="2022-05-07T11:27:50Z" duration-ms="23958">
      <class name="seleniumtraining.tittlevalidation">
        <test-method is-config="true" signature="beforetest()[pri:0, instance:seleniumtraining.tittlevalidation@42f3156d]" started-at="2022-05-07T04:27:26Z" name="beforetest" finished-at="2022-05-07T04:27:42Z" duration-ms="16777" status="PASS">
          <reporter-output>
          </reporter-output>
        </test-method> <!-- beforetest -->
        <test-method signature="tittlevalidate()[pri:0, instance:seleniumtraining.tittlevalidation@42f3156d]" started-at="2022-05-07T04:27:42Z" name="tittlevalidate" finished-at="2022-05-07T04:27:48Z" duration-ms="5445" status="FAIL">
          <exception class="java.lang.AssertionError">
            <message>
              <![CDATA[expected [FEATURED1 COURSES] but found [FEATURED COURSES]]]>
            </message>
            <full-stacktrace>
              <![CDATA[java.lang.AssertionError: expected [FEATURED1 COURSES] but found [FEATURED COURSES]
	at org.testng.Assert.fail(Assert.java:94)
	at org.testng.Assert.failNotEquals(Assert.java:494)
	at org.testng.Assert.assertEquals(Assert.java:123)
	at org.testng.Assert.assertEquals(Assert.java:176)
	at org.testng.Assert.assertEquals(Assert.java:186)
	at seleniumtraining.tittlevalidation.tittlevalidate(tittlevalidation.java:43)
	at java.base/jdk.internal.reflect.NativeMethodAccessorImpl.invoke0(Native Method)
	at java.base/jdk.internal.reflect.NativeMethodAccessorImpl.invoke(NativeMethodAccessorImpl.java:77)
	at java.base/jdk.internal.reflect.DelegatingMethodAccessorImpl.invoke(DelegatingMethodAccessorImpl.java:43)
	at java.base/java.lang.reflect.Method.invoke(Method.java:568)
	at org.testng.internal.MethodInvocationHelper.invokeMethod(MethodInvocationHelper.java:80)
	at org.testng.internal.Invoker.invokeMethod(Invoker.java:714)
	at org.testng.internal.Invoker.invokeTestMethod(Invoker.java:901)
	at org.testng.internal.Invoker.invokeTestMethods(Invoker.java:1231)
	at org.testng.internal.TestMethodWorker.invokeTestMethods(TestMethodWorker.java:127)
	at org.testng.internal.TestMethodWorker.run(TestMethodWorker.java:111)
	at org.testng.TestRunner.privateRun(TestRunner.java:767)
	at org.testng.TestRunner.run(TestRunner.java:617)
	at org.testng.SuiteRunner.runTest(SuiteRunner.java:334)
	at org.testng.SuiteRunner.runSequentially(SuiteRunner.java:329)
	at org.testng.SuiteRunner.privateRun(SuiteRunner.java:291)
	at org.testng.SuiteRunner.run(SuiteRunner.java:240)
	at org.testng.SuiteRunnerWorker.runSuite(SuiteRunnerWorker.java:52)
	at org.testng.SuiteRunnerWorker.run(SuiteRunnerWorker.java:86)
	at org.testng.TestNG.runSuitesSequentially(TestNG.java:1198)
	at org.testng.TestNG.runSuitesLocally(TestNG.java:1123)
	at org.testng.TestNG.run(TestNG.java:1031)
	at org.apache.maven.surefire.testng.TestNGExecutor.run(TestNGExecutor.java:283)
	at org.apache.maven.surefire.testng.TestNGXmlTestSuite.execute(TestNGXmlTestSuite.java:75)
	at org.apache.maven.surefire.testng.TestNGProvider.invoke(TestNGProvider.java:120)
	at org.apache.maven.surefire.booter.ForkedBooter.invokeProviderInSameClassLoader(ForkedBooter.java:384)
	at org.apache.maven.surefire.booter.ForkedBooter.runSuitesInProcess(ForkedBooter.java:345)
	at org.apache.maven.surefire.booter.ForkedBooter.execute(ForkedBooter.java:126)
	at org.apache.maven.surefire.booter.ForkedBooter.main(ForkedBooter.java:418)
]]>
            </full-stacktrace>
          </exception> <!-- java.lang.AssertionError -->
          <reporter-output>
          </reporter-output>
        </test-method> <!-- tittlevalidate -->
        <test-method is-config="true" signature="aftertest()[pri:0, instance:seleniumtraining.tittlevalidation@42f3156d]" started-at="2022-05-07T04:27:48Z" name="aftertest" finished-at="2022-05-07T04:27:50Z" duration-ms="1361" status="PASS">
          <reporter-output>
          </reporter-output>
        </test-method> <!-- aftertest -->
      </class> <!-- seleniumtraining.tittlevalidation -->
    </test> <!-- tittle validation -->
    <test started-at="2022-05-07T11:27:50Z" name="course navigation" finished-at="2022-05-07T11:28:15Z" duration-ms="25517">
      <class name="seleniumtraining.coursenavigation">
        <test-method signature="basepagenavigation()[pri:0, instance:seleniumtraining.coursenavigation@65aa6596]" started-at="2022-05-07T04:27:50Z" name="basepagenavigation" finished-at="2022-05-07T04:28:15Z" duration-ms="25517" status="PASS">
          <reporter-output>
          </reporter-output>
        </test-method> <!-- basepagenavigation -->
      </class> <!-- seleniumtraining.coursenavigation -->
    </test> <!-- course navigation -->
  </suite> <!-- Suite -->
</testng-results>
